Removed Pin From Net: NetName=PD_0 Pin=X1-1
Removed Pin From Net: NetName=PF_0 Pin=X1-2
Removed Pin From Net: NetName=PF_1 Pin=X1-3
Removed Pin From Net: NetName=PF_2 Pin=X1-4
Removed Pin From Net: NetName=PA_7 Pin=X1-5
Removed Pin From Net: NetName=PC_12 Pin=X1-9
Removed Pin From Net: NetName=PC_11 Pin=X1-10
Removed Pin From Net: NetName=PC_10 Pin=X1-11
Removed Pin From Net: NetName=PC_9 Pin=X1-12
Removed Pin From Net: NetName=PC_8 Pin=X1-13
Added Pin To Net: NetName=PC_8 Pin=X1-1
Added Pin To Net: NetName=PC_9 Pin=X1-2
Added Pin To Net: NetName=PC_10 Pin=X1-3
Added Pin To Net: NetName=PC_11 Pin=X1-4
Added Pin To Net: NetName=PC_12 Pin=X1-5
Added Pin To Net: NetName=PA_7 Pin=X1-9
Added Pin To Net: NetName=PF_2 Pin=X1-10
Added Pin To Net: NetName=PF_1 Pin=X1-11
Added Pin To Net: NetName=PF_0 Pin=X1-12
Added Pin To Net: NetName=PD_0 Pin=X1-13
