Removed Pin From Net: NetName=GND Pin=X3-1
Removed Pin From Net: NetName=GND Pin=X3-2
Removed Pin From Net: NetName=GND Pin=X3-3
Removed Pin From Net: NetName=GND Pin=X3-4
Removed Pin From Net: NetName=GND Pin=X3-5
Removed Pin From Net: NetName=GND Pin=X3-6
Removed Pin From Net: NetName=GND Pin=X3-7
Removed Pin From Net: NetName=GND Pin=X3-8
Removed Pin From Net: NetName=GND Pin=X3-9
Removed Pin From Net: NetName=GND Pin=X3-10
Removed Pin From Net: NetName=GND Pin=X3-11
Removed Pin From Net: NetName=GND Pin=X3-12
Removed Pin From Net: NetName=GND Pin=X3-13
Removed Pin From Net: NetName=GND Pin=X3-14
Removed Pin From Net: NetName=GND Pin=X3-15
Removed Pin From Net: NetName=GND Pin=X3-16
Removed Pin From Net: NetName=GND Pin=X5-1
Removed Pin From Net: NetName=GND Pin=X5-2
Removed Pin From Net: NetName=GND Pin=X5-3
Removed Pin From Net: NetName=GND Pin=X5-4
Removed Pin From Net: NetName=GND Pin=X5-5
Removed Pin From Net: NetName=GND Pin=X5-6
Removed Pin From Net: NetName=GND Pin=X5-7
Removed Pin From Net: NetName=GND Pin=X5-8
Removed Pin From Net: NetName=GND Pin=X5-9
Removed Pin From Net: NetName=GND Pin=X5-10
Removed Pin From Net: NetName=GND Pin=X5-11
Removed Pin From Net: NetName=GND Pin=X5-12
Removed Pin From Net: NetName=GND Pin=X5-13
Removed Pin From Net: NetName=GND Pin=X5-14
Removed Pin From Net: NetName=GND Pin=X5-15
Removed Pin From Net: NetName=GND Pin=X5-16
Removed Pin From Net: NetName=GND Pin=X10-1
Removed Pin From Net: NetName=GND Pin=X10-2
Removed Pin From Net: NetName=GND Pin=X10-3
Removed Pin From Net: NetName=GND Pin=X10-4
Removed Pin From Net: NetName=GND Pin=X10-5
Removed Pin From Net: NetName=GND Pin=X10-6
Removed Pin From Net: NetName=GND Pin=X10-7
Removed Pin From Net: NetName=GND Pin=X10-8
Removed Pin From Net: NetName=GND Pin=X10-9
Removed Pin From Net: NetName=GND Pin=X10-10
Removed Pin From Net: NetName=GND Pin=X10-11
Removed Pin From Net: NetName=GND Pin=X10-12
Removed Pin From Net: NetName=GND Pin=X10-13
Removed Pin From Net: NetName=GND Pin=X10-14
Removed Pin From Net: NetName=GND Pin=X10-15
Removed Pin From Net: NetName=GND Pin=X10-16
Removed Pin From Net: NetName=GND Pin=X11-1
Removed Pin From Net: NetName=GND Pin=X11-2
Removed Pin From Net: NetName=GND Pin=X11-3
Removed Pin From Net: NetName=GND Pin=X11-4
Removed Pin From Net: NetName=GND Pin=X11-5
Removed Pin From Net: NetName=GND Pin=X11-6
Removed Pin From Net: NetName=GND Pin=X11-7
Removed Pin From Net: NetName=GND Pin=X11-8
Removed Pin From Net: NetName=GND Pin=X11-9
Removed Pin From Net: NetName=GND Pin=X11-10
Removed Pin From Net: NetName=GND Pin=X11-11
Removed Pin From Net: NetName=GND Pin=X11-12
Removed Pin From Net: NetName=GND Pin=X11-13
Removed Pin From Net: NetName=GND Pin=X11-14
Removed Pin From Net: NetName=GND Pin=X11-15
Removed Pin From Net: NetName=GND Pin=X11-16
Added Pin To Net: NetName=PC_6 Pin=X3-1
Added Pin To Net: NetName=PB_15 Pin=X3-2
Added Pin To Net: NetName=PB_13 Pin=X3-3
Added Pin To Net: NetName=PB_12 Pin=X3-4
Added Pin To Net: NetName=PA_15 Pin=X3-5
Added Pin To Net: NetName=PC_7 Pin=X3-6
Added Pin To Net: NetName=PB_5 Pin=X3-7
Added Pin To Net: NetName=PB_3 Pin=X3-8
Added Pin To Net: NetName=PA_4 Pin=X3-9
Added Pin To Net: NetName=PB_4 Pin=X3-10
Added Pin To Net: NetName=PB_11 Pin=X5-1
Added Pin To Net: NetName=PB_10 Pin=X5-2
Added Pin To Net: NetName=PE_15 Pin=X5-3
Added Pin To Net: NetName=PE_14 Pin=X5-4
Added Pin To Net: NetName=PE_12 Pin=X5-5
Added Pin To Net: NetName=PE_10 Pin=X5-6
Added Pin To Net: NetName=PE_7 Pin=X5-7
Added Pin To Net: NetName=PE_8 Pin=X5-8
Added Pin To Net: NetName=PG_9/D0 Pin=X5-9
Added Pin To Net: NetName=PG_14/D1 Pin=X5-10
Added Pin To Net: NetName=PF_15/D2 Pin=X5-11
Added Pin To Net: NetName=PE_13/D3 Pin=X5-12
Added Pin To Net: NetName=PF_14/D4 Pin=X5-13
Added Pin To Net: NetName=PE_11/D5 Pin=X5-14
Added Pin To Net: NetName=PE_9/D6 Pin=X5-15
Added Pin To Net: NetName=PF_13/D7 Pin=X5-16
Added Pin To Net: NetName=PB_8/D15 Pin=X10-1
Added Pin To Net: NetName=PB_9/D14 Pin=X10-2
Added Pin To Net: NetName=PA_5/D13 Pin=X10-3
Added Pin To Net: NetName=PA_6/D12 Pin=X10-4
Added Pin To Net: NetName=PA_7/D11 Pin=X10-5
Added Pin To Net: NetName=PD_14/D10 Pin=X10-6
Added Pin To Net: NetName=PD_15/D9 Pin=X10-7
Added Pin To Net: NetName=PF_12/D8 Pin=X10-8
Added Pin To Net: NetName=PE_0 Pin=X11-1
Added Pin To Net: NetName=PB_0 Pin=X11-2
Added Pin To Net: NetName=PA_0 Pin=X11-3
Added Pin To Net: NetName=PE_2 Pin=X11-4
Added Pin To Net: NetName=PD_11 Pin=X11-5
Added Pin To Net: NetName=PD_12 Pin=X11-6
Added Pin To Net: NetName=PD_13 Pin=X11-7
Added Pin To Net: NetName=PB_2 Pin=X11-8
Added Pin To Net: NetName=PB_6 Pin=X11-9
Added Pin To Net: NetName=PF_4 Pin=X11-10
Added Pin To Net: NetName=PC_2 Pin=X11-11
Added Pin To Net: NetName=PB_1 Pin=X11-12
Added Pin To Net: NetName=NetX3_11 Pin=X3-11
Added Pin To Net: NetName=NetX3_11 Pin=X3-12
Added Pin To Net: NetName=NetX3_11 Pin=X3-13
Added Pin To Net: NetName=NetX3_11 Pin=X3-14
Added Pin To Net: NetName=NetX3_11 Pin=X3-15
Added Pin To Net: NetName=NetX3_11 Pin=X3-16
Added Net: Name=NetX3_11
Added Pin To Net: NetName=NetX10_9 Pin=X10-9
Added Pin To Net: NetName=NetX10_9 Pin=X10-10
Added Pin To Net: NetName=NetX10_9 Pin=X10-11
Added Pin To Net: NetName=NetX10_9 Pin=X10-12
Added Pin To Net: NetName=NetX10_9 Pin=X10-13
Added Pin To Net: NetName=NetX10_9 Pin=X10-14
Added Pin To Net: NetName=NetX10_9 Pin=X10-15
Added Pin To Net: NetName=NetX10_9 Pin=X10-16
Added Net: Name=NetX10_9
Added Pin To Net: NetName=NetX11_13 Pin=X11-13
Added Pin To Net: NetName=NetX11_13 Pin=X11-14
Added Pin To Net: NetName=NetX11_13 Pin=X11-15
Added Pin To Net: NetName=NetX11_13 Pin=X11-16
Added Net: Name=NetX11_13
