Removed Pin From Net: NetName=PC_6 Pin=X3-1
Removed Pin From Net: NetName=PB_15 Pin=X3-2
Removed Pin From Net: NetName=PB_13 Pin=X3-3
Removed Pin From Net: NetName=PB_12 Pin=X3-4
Removed Pin From Net: NetName=PA_15 Pin=X3-5
Removed Pin From Net: NetName=PC_7 Pin=X3-6
Removed Pin From Net: NetName=PB_5 Pin=X3-7
Removed Pin From Net: NetName=PB_3 Pin=X3-8
Removed Pin From Net: NetName=PA_4 Pin=X3-9
Removed Pin From Net: NetName=PB_4 Pin=X3-10
Removed Pin From Net: NetName=PB_8/D15 Pin=X10-1
Removed Pin From Net: NetName=PB_9/D14 Pin=X10-2
Removed Pin From Net: NetName=PA_5/D13 Pin=X10-3
Removed Pin From Net: NetName=PA_6/D12 Pin=X10-4
Removed Pin From Net: NetName=PA_7/D11 Pin=X10-5
Removed Pin From Net: NetName=PD_14/D10 Pin=X10-6
Removed Pin From Net: NetName=PD_15/D9 Pin=X10-7
Removed Pin From Net: NetName=PF_12/D8 Pin=X10-8
Added Pin To Net: NetName=PB_4 Pin=X3-1
Added Pin To Net: NetName=PA_4 Pin=X3-2
Added Pin To Net: NetName=PB_3 Pin=X3-3
Added Pin To Net: NetName=PB_5 Pin=X3-4
Added Pin To Net: NetName=PC_7 Pin=X3-5
Added Pin To Net: NetName=PA_15 Pin=X3-6
Added Pin To Net: NetName=PB_12 Pin=X3-7
Added Pin To Net: NetName=PB_13 Pin=X3-8
Added Pin To Net: NetName=PB_15 Pin=X3-9
Added Pin To Net: NetName=PC_6 Pin=X3-10
Added Pin To Net: NetName=PF_12/D8 Pin=X10-1
Added Pin To Net: NetName=PD_15/D9 Pin=X10-2
Added Pin To Net: NetName=PD_14/D10 Pin=X10-3
Added Pin To Net: NetName=PA_7/D11 Pin=X10-4
Added Pin To Net: NetName=PA_6/D12 Pin=X10-5
Added Pin To Net: NetName=PA_5/D13 Pin=X10-6
Added Pin To Net: NetName=PB_9/D14 Pin=X10-7
Added Pin To Net: NetName=PB_8/D15 Pin=X10-8
