Removed Pin From Net: NetName=GND Pin=X1-1
Removed Pin From Net: NetName=GND Pin=X1-2
Removed Pin From Net: NetName=GND Pin=X1-3
Removed Pin From Net: NetName=GND Pin=X1-4
Removed Pin From Net: NetName=GND Pin=X1-5
Removed Pin From Net: NetName=GND Pin=X1-6
Removed Pin From Net: NetName=GND Pin=X1-7
Removed Pin From Net: NetName=GND Pin=X1-9
Removed Pin From Net: NetName=GND Pin=X1-10
Removed Pin From Net: NetName=GND Pin=X1-11
Removed Pin From Net: NetName=GND Pin=X1-12
Removed Pin From Net: NetName=GND Pin=X1-13
Removed Pin From Net: NetName=GND Pin=X1-14
Removed Pin From Net: NetName=GND Pin=X1-15
Removed Pin From Net: NetName=GND Pin=X1-16
Removed Pin From Net: NetName=GND Pin=X4-1
Removed Pin From Net: NetName=GND Pin=X4-2
Removed Pin From Net: NetName=GND Pin=X4-3
Removed Pin From Net: NetName=GND Pin=X4-4
Removed Pin From Net: NetName=GND Pin=X4-5
Removed Pin From Net: NetName=GND Pin=X4-6
Removed Pin From Net: NetName=GND Pin=X4-7
Removed Pin From Net: NetName=GND Pin=X4-8
Removed Pin From Net: NetName=GND Pin=X4-9
Removed Pin From Net: NetName=GND Pin=X4-10
Removed Pin From Net: NetName=GND Pin=X4-11
Removed Pin From Net: NetName=GND Pin=X4-12
Removed Pin From Net: NetName=GND Pin=X4-13
Removed Pin From Net: NetName=GND Pin=X4-14
Removed Pin From Net: NetName=GND Pin=X4-15
Removed Pin From Net: NetName=GND Pin=X4-16
Removed Pin From Net: NetName=GND Pin=X6-1
Removed Pin From Net: NetName=GND Pin=X6-2
Removed Pin From Net: NetName=GND Pin=X6-3
Removed Pin From Net: NetName=GND Pin=X6-4
Removed Pin From Net: NetName=GND Pin=X6-5
Removed Pin From Net: NetName=GND Pin=X6-6
Removed Pin From Net: NetName=GND Pin=X6-7
Removed Pin From Net: NetName=GND Pin=X6-8
Removed Pin From Net: NetName=GND Pin=X6-9
Removed Pin From Net: NetName=+3V3 Pin=X6-15
Removed Pin From Net: NetName=VIN Pin=X6-16
Added Component: Designator=X10(PHEONIX-1988943)
Add component (AddParameter): Name = "ComponentLink1Description"; Value = "DIGIKEY"; VariantName = "[No Variations]"
Add component (AddParameter): Name = "ComponentLink1URL"; Value = "https://www.digikey.com/en/products/detail/phoenix-contact/1988943/950906"; VariantName = "[No Variations]"
Added Component: Designator=X11(PHEONIX-1988943)
Add component (AddParameter): Name = "ComponentLink1Description"; Value = "DIGIKEY"; VariantName = "[No Variations]"
Add component (AddParameter): Name = "ComponentLink1URL"; Value = "https://www.digikey.com/en/products/detail/phoenix-contact/1988943/950906"; VariantName = "[No Variations]"
Added Pin To Net: NetName=PD_0 Pin=X1-1
Added Pin To Net: NetName=PF_0 Pin=X1-2
Added Pin To Net: NetName=PF_1 Pin=X1-3
Added Pin To Net: NetName=PF_2 Pin=X1-4
Added Pin To Net: NetName=PA_7 Pin=X1-5
Added Pin To Net: NetName=IOREF Pin=X1-6
Added Pin To Net: NetName=RESET Pin=X1-7
Added Pin To Net: NetName=PG_3 Pin=X1-9
Added Pin To Net: NetName=PG_2 Pin=X1-10
Added Pin To Net: NetName=PD_2 Pin=X1-11
Added Pin To Net: NetName=PC_12 Pin=X1-12
Added Pin To Net: NetName=PC_11 Pin=X1-13
Added Pin To Net: NetName=PC_10 Pin=X1-14
Added Pin To Net: NetName=PC_9 Pin=X1-15
Added Pin To Net: NetName=PC_8 Pin=X1-16
Added Pin To Net: NetName=PD_1 Pin=X4-1
Added Pin To Net: NetName=PG_0 Pin=X4-2
Added Pin To Net: NetName=PG_1 Pin=X4-3
Added Pin To Net: NetName=PF_9 Pin=X4-4
Added Pin To Net: NetName=PF_7 Pin=X4-5
Added Pin To Net: NetName=PF_8 Pin=X4-6
Added Pin To Net: NetName=PE_3 Pin=X4-7
Added Pin To Net: NetName=PE_6 Pin=X4-8
Added Pin To Net: NetName=PE_5 Pin=X4-9
Added Pin To Net: NetName=PE_4 Pin=X4-10
Added Pin To Net: NetName=PE_2 Pin=X4-11
Added Pin To Net: NetName=PD_3 Pin=X4-12
Added Pin To Net: NetName=PD_4 Pin=X4-13
Added Pin To Net: NetName=PD_5 Pin=X4-14
Added Pin To Net: NetName=PD_6 Pin=X4-15
Added Pin To Net: NetName=PD_7 Pin=X4-16
Added Pin To Net: NetName=VIN Pin=X6-1
Added Pin To Net: NetName=+3V3 Pin=X6-2
Added Pin To Net: NetName=+5V Pin=X6-3
Added Pin To Net: NetName=PF_10/A5 Pin=X6-4
Added Pin To Net: NetName=PF_5/A4 Pin=X6-5
Added Pin To Net: NetName=PF_3/A3 Pin=X6-6
Added Pin To Net: NetName=PC_3/A2 Pin=X6-7
Added Pin To Net: NetName=PC_0/A1 Pin=X6-8
Added Pin To Net: NetName=PA_3/A0 Pin=X6-9
Added Pin To Net: NetName=GND Pin=X6-15
Added Pin To Net: NetName=GND Pin=X6-16
Added Pin To Net: NetName=GND Pin=X10-1
Added Pin To Net: NetName=GND Pin=X10-2
Added Pin To Net: NetName=GND Pin=X10-3
Added Pin To Net: NetName=GND Pin=X10-4
Added Pin To Net: NetName=GND Pin=X10-5
Added Pin To Net: NetName=GND Pin=X10-6
Added Pin To Net: NetName=GND Pin=X10-7
Added Pin To Net: NetName=GND Pin=X10-8
Added Pin To Net: NetName=GND Pin=X10-9
Added Pin To Net: NetName=GND Pin=X10-10
Added Pin To Net: NetName=GND Pin=X10-11
Added Pin To Net: NetName=GND Pin=X10-12
Added Pin To Net: NetName=GND Pin=X10-13
Added Pin To Net: NetName=GND Pin=X10-14
Added Pin To Net: NetName=GND Pin=X10-15
Added Pin To Net: NetName=GND Pin=X10-16
Added Pin To Net: NetName=GND Pin=X11-1
Added Pin To Net: NetName=GND Pin=X11-2
Added Pin To Net: NetName=GND Pin=X11-3
Added Pin To Net: NetName=GND Pin=X11-4
Added Pin To Net: NetName=GND Pin=X11-5
Added Pin To Net: NetName=GND Pin=X11-6
Added Pin To Net: NetName=GND Pin=X11-7
Added Pin To Net: NetName=GND Pin=X11-8
Added Pin To Net: NetName=GND Pin=X11-9
Added Pin To Net: NetName=GND Pin=X11-10
Added Pin To Net: NetName=GND Pin=X11-11
Added Pin To Net: NetName=GND Pin=X11-12
Added Pin To Net: NetName=GND Pin=X11-13
Added Pin To Net: NetName=GND Pin=X11-14
Added Pin To Net: NetName=GND Pin=X11-15
Added Pin To Net: NetName=GND Pin=X11-16
Added Member To Class: ClassName=main_sch Member=Component X10 TERM BLOCK 16POS 45DEG 5MM PCB
Added Member To Class: ClassName=main_sch Member=Component X11 TERM BLOCK 16POS 45DEG 5MM PCB
