Removed Pin From Net: NetName=IOREF Pin=X1-6
Removed Pin From Net: NetName=RESET Pin=X1-7
Removed Pin From Net: NetName=GND Pin=X1-8
Removed Pin From Net: NetName=PG_3 Pin=X1-9
Removed Pin From Net: NetName=PG_2 Pin=X1-10
Removed Pin From Net: NetName=PD_2 Pin=X1-11
Removed Pin From Net: NetName=PC_12 Pin=X1-12
Removed Pin From Net: NetName=PC_11 Pin=X1-13
Removed Pin From Net: NetName=PC_10 Pin=X1-14
Removed Pin From Net: NetName=PC_9 Pin=X1-15
Removed Pin From Net: NetName=PC_8 Pin=X1-16
Removed Pin From Net: NetName=PE_2 Pin=X4-11
Removed Pin From Net: NetName=PE_2 Pin=X8-28
Added Pin To Net: NetName=PG_3 Pin=X1-6
Added Pin To Net: NetName=PG_2 Pin=X1-7
Added Pin To Net: NetName=PD_2 Pin=X1-8
Added Pin To Net: NetName=PC_12 Pin=X1-9
Added Pin To Net: NetName=PC_11 Pin=X1-10
Added Pin To Net: NetName=PC_10 Pin=X1-11
Added Pin To Net: NetName=PC_9 Pin=X1-12
Added Pin To Net: NetName=PC_8 Pin=X1-13
Added Pin To Net: NetName=RESET Pin=X1-14
Added Pin To Net: NetName=IOREF Pin=X1-15
Added Pin To Net: NetName=GND Pin=X1-16
Added Pin To Net: NetName=PE_2/D57 Pin=X4-11
Added Pin To Net: NetName=PE_2/D57 Pin=X8-28
Added Net: Name=PE_2/D57
